0 info it worked if it ends with ok
1 verbose cli [ '/usr/local/bin/node',
1 verbose cli   '/usr/local/bin/npm',
1 verbose cli   'run',
1 verbose cli   'build:demos' ]
2 info using npm@4.0.5
3 info using node@v5.0.0
4 verbose run-script [ 'prebuild:demos', 'build:demos', 'postbuild:demos' ]
5 info lifecycle angular-calendar@0.6.2~prebuild:demos: angular-calendar@0.6.2
6 silly lifecycle angular-calendar@0.6.2~prebuild:demos: no script for prebuild:demos, continuing
7 info lifecycle angular-calendar@0.6.2~build:demos: angular-calendar@0.6.2
8 verbose lifecycle angular-calendar@0.6.2~build:demos: unsafe-perm in lifecycle true
9 verbose lifecycle angular-calendar@0.6.2~build:demos: PATH: /usr/local/lib/node_modules/npm/bin/node-gyp-bin:/home/starki/angular2/angular-calendar/node_modules/.bin:/usr/local/cuda-7.0/bin:/usr/local/sbin:/usr/local/bin:/usr/sbin:/usr/bin:/sbin:/bin:/usr/games:/usr/local/games:/snap/bin
10 verbose lifecycle angular-calendar@0.6.2~build:demos: CWD: /home/starki/angular2/angular-calendar
11 silly lifecycle angular-calendar@0.6.2~build:demos: Args: [ '-c', 'webpack -p' ]
12 silly lifecycle angular-calendar@0.6.2~build:demos: Returned: code: 2  signal: null
13 info lifecycle angular-calendar@0.6.2~build:demos: Failed to exec build:demos script
14 verbose stack Error: angular-calendar@0.6.2 build:demos: `webpack -p`
14 verbose stack Exit status 2
14 verbose stack     at EventEmitter.<anonymous> (/usr/local/lib/node_modules/npm/lib/utils/lifecycle.js:279:16)
14 verbose stack     at emitTwo (events.js:87:13)
14 verbose stack     at EventEmitter.emit (events.js:172:7)
14 verbose stack     at ChildProcess.<anonymous> (/usr/local/lib/node_modules/npm/lib/utils/spawn.js:40:14)
14 verbose stack     at emitTwo (events.js:87:13)
14 verbose stack     at ChildProcess.emit (events.js:172:7)
14 verbose stack     at maybeClose (internal/child_process.js:818:16)
14 verbose stack     at Process.ChildProcess._handle.onexit (internal/child_process.js:211:5)
15 verbose pkgid angular-calendar@0.6.2
16 verbose cwd /home/starki/angular2/angular-calendar
17 error Linux 4.4.0-57-generic
18 error argv "/usr/local/bin/node" "/usr/local/bin/npm" "run" "build:demos"
19 error node v5.0.0
20 error npm  v4.0.5
21 error code ELIFECYCLE
22 error angular-calendar@0.6.2 build:demos: `webpack -p`
22 error Exit status 2
23 error Failed at the angular-calendar@0.6.2 build:demos script 'webpack -p'.
23 error Make sure you have the latest version of node.js and npm installed.
23 error If you do, this is most likely a problem with the angular-calendar package,
23 error not with npm itself.
23 error Tell the author that this fails on your system:
23 error     webpack -p
23 error You can get information on how to open an issue for this project with:
23 error     npm bugs angular-calendar
23 error Or if that isn't available, you can get their info via:
23 error     npm owner ls angular-calendar
23 error There is likely additional logging output above.
24 verbose exit [ 1, true ]
